<?xml version="1.0" encoding="UTF-8"?>
<!-- Generated by org.testng.reporters.JUnitReportReporter -->
<testsuite hostname="Ganesh" failures="0" tests="1" name="pack.test.cases.Task1" time="53.831" errors="0" timestamp="2022-02-09T10:17:59 IST" skipped="0">
  <testcase classname="pack.test.cases.Task1" name="AspireOrder" time="53.831"/>
  <system-out/>
</testsuite> <!-- pack.test.cases.Task1 -->
